<?xml version="1.0" encoding="UTF-8"?>
<!-- Generated by org.testng.reporters.JUnitReportReporter -->
<testsuite hostname="LTIN209057" failures="0" tests="2" name="test_case.TC002" time="29.860" errors="0" timestamp="2024-03-07T12:04:24 IST" skipped="0">
  <testcase classname="test_case.TC002" name="searching" time="22.991"/>
  <testcase classname="test_case.TC002" name="getLangLvl" time="6.869"/>
</testsuite> <!-- test_case.TC002 -->
