<?xml version="1.0" encoding="UTF-8"?>
<!-- Generated by org.testng.reporters.JUnitReportReporter -->
<testsuite hostname="LTIN209057" failures="0" tests="3" name="test_case.TC001_" time="127.053" errors="0" timestamp="2024-02-23T15:31:08 IST" skipped="0">
  <testcase classname="test_case.TC001_" name="searching" time="40.932"/>
  <testcase classname="test_case.TC001_" name="clicking" time="1.881"/>
  <testcase classname="test_case.TC001_" name="navigating" time="84.240"/>
</testsuite> <!-- test_case.TC001_ -->
