<?xml version="1.0" encoding="UTF-8"?>
<!-- Generated by org.testng.reporters.JUnitReportReporter -->
<testsuite hostname="LTIN209057" failures="0" tests="4" name="test_case.TC003" time="38.833" errors="0" timestamp="2024-03-07T12:04:24 IST" skipped="0">
  <testcase classname="test_case.TC003" name="clickenterprises" time="14.917"/>
  <testcase classname="test_case.TC003" name="clickoffer" time="5.572"/>
  <testcase classname="test_case.TC003" name="clickcourse" time="7.702"/>
  <testcase classname="test_case.TC003" name="fillForm" time="10.642"/>
</testsuite> <!-- test_case.TC003 -->
