<?xml version="1.0" encoding="UTF-8"?>
<!-- Generated by org.testng.reporters.JUnitReportReporter -->
<testsuite hostname="LTIN209057" failures="0" tests="3" name="test_case.TC002_" time="173.150" errors="0" timestamp="2024-02-23T15:31:08 IST" skipped="0">
  <testcase classname="test_case.TC002_" name="searching" time="73.501"/>
  <testcase classname="test_case.TC002_" name="clicking" time="73.268"/>
  <testcase classname="test_case.TC002_" name="getLangLvl" time="26.381"/>
</testsuite> <!-- test_case.TC002_ -->
