<?xml version="1.0" encoding="UTF-8"?>
<!-- Generated by org.testng.reporters.JUnitReportReporter -->
<testsuite hostname="LTIN209057" failures="0" tests="2" name="test_case.TC002" time="73.912" errors="0" timestamp="2024-02-28T16:17:03 IST" skipped="0">
  <testcase classname="test_case.TC002" name="searching" time="72.182"/>
  <testcase classname="test_case.TC002" name="getLangLvl" time="1.730"/>
</testsuite> <!-- test_case.TC002 -->
