<?xml version="1.0" encoding="UTF-8"?>
<!-- Generated by org.testng.reporters.JUnitReportReporter -->
<testsuite hostname="LTIN209057" failures="0" tests="4" name="test_case.TC001" time="135.181" errors="0" timestamp="2024-02-28T16:17:03 IST" skipped="0">
  <testcase classname="test_case.TC001" name="searching" time="52.723"/>
  <testcase classname="test_case.TC001" name="clicking" time="0.937"/>
  <testcase classname="test_case.TC001" name="course1" time="43.887"/>
  <testcase classname="test_case.TC001" name="course2" time="37.634"/>
</testsuite> <!-- test_case.TC001 -->
