<?xml version="1.0" encoding="UTF-8"?>
<!-- Generated by org.testng.reporters.JUnitReportReporter -->
<testsuite hostname="LTIN209057" failures="0" tests="4" name="test_case.TC003" time="160.537" errors="0" timestamp="2024-02-28T16:17:03 IST" skipped="0">
  <testcase classname="test_case.TC003" name="clickenterprises" time="40.927"/>
  <testcase classname="test_case.TC003" name="clickoffer" time="34.092"/>
  <testcase classname="test_case.TC003" name="clickcourse" time="74.294"/>
  <testcase classname="test_case.TC003" name="fillForm" time="11.224"/>
</testsuite> <!-- test_case.TC003 -->
